<?xml version="1.0" encoding="UTF-8"?>
<!-- Generated by org.testng.reporters.JUnitXMLReporter -->
<testsuite hostname="LAPTOP-MO78ICT9" name="Default test" tests="4" failures="0" timestamp="19 Dec 2020 14:43:45 GMT" time="51.792" errors="0">
  <testcase name="leads_Vtiger" time="6.063" classname="PracticeSelenium.Vtiger_Lead_Test"/>
  <testcase name="leads_Vtiger" time="6.007" classname="PracticeSelenium.Vtiger_Lead_Test"/>
  <testcase name="leads_Vtiger" time="6.122" classname="PracticeSelenium.Vtiger_Lead_Test"/>
  <testcase name="leads_Vtiger" time="5.96" classname="PracticeSelenium.Vtiger_Lead_Test"/>
</testsuite> <!-- Default test -->
