<?xml version="1.0" encoding="UTF-8"?>
<testng-results skipped="0" failed="0" total="4" passed="4">
  <reporter-output>
  </reporter-output>
  <suite name="Default suite" duration-ms="51792" started-at="2020-12-19T14:42:53Z" finished-at="2020-12-19T14:43:45Z">
    <groups>
    </groups>
    <test name="Default test" duration-ms="51792" started-at="2020-12-19T14:42:53Z" finished-at="2020-12-19T14:43:45Z">
      <class name="PracticeSelenium.Vtiger_Lead_Test">
        <test-method status="PASS" signature="setUp()[pri:0, instance:PracticeSelenium.Vtiger_Lead_Test@4b9e13df]" name="setUp" is-config="true" duration-ms="6671" started-at="2020-12-19T20:12:53Z" finished-at="2020-12-19T20:13:00Z">
          <reporter-output>
          </reporter-output>
        </test-method> <!-- setUp -->
        <test-method status="PASS" signature="leads_Vtiger(java.lang.String, java.lang.String, java.lang.String, java.lang.String, java.lang.String, java.lang.String, java.lang.String, java.lang.String, java.lang.String)[pri:0, instance:PracticeSelenium.Vtiger_Lead_Test@4b9e13df]" name="leads_Vtiger" duration-ms="6063" started-at="2020-12-19T20:13:00Z" data-provider="getTestData" finished-at="2020-12-19T20:13:06Z">
          <params>
            <param index="0">
              <value>
                <![CDATA[Vishwajeet]]>
              </value>
            </param>
            <param index="1">
              <value>
                <![CDATA[Samal]]>
              </value>
            </param>
            <param index="2">
              <value>
                <![CDATA[ABS]]>
              </value>
            </param>
            <param index="3">
              <value>
                <![CDATA[9.14026804E9]]>
              </value>
            </param>
            <param index="4">
              <value>
                <![CDATA[vishwajeetsaml1994@gmail.com]]>
              </value>
            </param>
            <param index="5">
              <value>
                <![CDATA[13.0]]>
              </value>
            </param>
            <param index="6">
              <value>
                <![CDATA[Varanasi]]>
              </value>
            </param>
            <param index="7">
              <value>
                <![CDATA[Employee]]>
              </value>
            </param>
            <param index="8">
              <value>
                <![CDATA[Banking]]>
              </value>
            </param>
          </params>
          <reporter-output>
          </reporter-output>
        </test-method> <!-- leads_Vtiger -->
        <test-method status="PASS" signature="tearDown()[pri:0, instance:PracticeSelenium.Vtiger_Lead_Test@4b9e13df]" name="tearDown" is-config="true" duration-ms="634" started-at="2020-12-19T20:13:06Z" finished-at="2020-12-19T20:13:07Z">
          <reporter-output>
          </reporter-output>
        </test-method> <!-- tearDown -->
        <test-method status="PASS" signature="setUp()[pri:0, instance:PracticeSelenium.Vtiger_Lead_Test@4b9e13df]" name="setUp" is-config="true" duration-ms="5980" started-at="2020-12-19T20:13:07Z" finished-at="2020-12-19T20:13:13Z">
          <reporter-output>
          </reporter-output>
        </test-method> <!-- setUp -->
        <test-method status="PASS" signature="leads_Vtiger(java.lang.String, java.lang.String, java.lang.String, java.lang.String, java.lang.String, java.lang.String, java.lang.String, java.lang.String, java.lang.String)[pri:0, instance:PracticeSelenium.Vtiger_Lead_Test@4b9e13df]" name="leads_Vtiger" duration-ms="6007" started-at="2020-12-19T20:13:13Z" data-provider="getTestData" finished-at="2020-12-19T20:13:19Z">
          <params>
            <param index="0">
              <value>
                <![CDATA[Gaurav]]>
              </value>
            </param>
            <param index="1">
              <value>
                <![CDATA[Singh]]>
              </value>
            </param>
            <param index="2">
              <value>
                <![CDATA[Healthians]]>
              </value>
            </param>
            <param index="3">
              <value>
                <![CDATA[9.140268041E9]]>
              </value>
            </param>
            <param index="4">
              <value>
                <![CDATA[abs@gmail.com]]>
              </value>
            </param>
            <param index="5">
              <value>
                <![CDATA[14.0]]>
              </value>
            </param>
            <param index="6">
              <value>
                <![CDATA[Mau]]>
              </value>
            </param>
            <param index="7">
              <value>
                <![CDATA[Partner]]>
              </value>
            </param>
            <param index="8">
              <value>
                <![CDATA[Education]]>
              </value>
            </param>
          </params>
          <reporter-output>
          </reporter-output>
        </test-method> <!-- leads_Vtiger -->
        <test-method status="PASS" signature="tearDown()[pri:0, instance:PracticeSelenium.Vtiger_Lead_Test@4b9e13df]" name="tearDown" is-config="true" duration-ms="641" started-at="2020-12-19T20:13:19Z" finished-at="2020-12-19T20:13:19Z">
          <reporter-output>
          </reporter-output>
        </test-method> <!-- tearDown -->
        <test-method status="PASS" signature="setUp()[pri:0, instance:PracticeSelenium.Vtiger_Lead_Test@4b9e13df]" name="setUp" is-config="true" duration-ms="5950" started-at="2020-12-19T20:13:19Z" finished-at="2020-12-19T20:13:25Z">
          <reporter-output>
          </reporter-output>
        </test-method> <!-- setUp -->
        <test-method status="PASS" signature="leads_Vtiger(java.lang.String, java.lang.String, java.lang.String, java.lang.String, java.lang.String, java.lang.String, java.lang.String, java.lang.String, java.lang.String)[pri:0, instance:PracticeSelenium.Vtiger_Lead_Test@4b9e13df]" name="leads_Vtiger" duration-ms="6122" started-at="2020-12-19T20:13:25Z" data-provider="getTestData" finished-at="2020-12-19T20:13:31Z">
          <params>
            <param index="0">
              <value>
                <![CDATA[Vishal]]>
              </value>
            </param>
            <param index="1">
              <value>
                <![CDATA[Singh]]>
              </value>
            </param>
            <param index="2">
              <value>
                <![CDATA[1mg]]>
              </value>
            </param>
            <param index="3">
              <value>
                <![CDATA[7.007703795E9]]>
              </value>
            </param>
            <param index="4">
              <value>
                <![CDATA[ghsd@gmail.com]]>
              </value>
            </param>
            <param index="5">
              <value>
                <![CDATA[15.0]]>
              </value>
            </param>
            <param index="6">
              <value>
                <![CDATA[Azamgarh]]>
              </value>
            </param>
            <param index="7">
              <value>
                <![CDATA[Employee]]>
              </value>
            </param>
            <param index="8">
              <value>
                <![CDATA[Banking]]>
              </value>
            </param>
          </params>
          <reporter-output>
          </reporter-output>
        </test-method> <!-- leads_Vtiger -->
        <test-method status="PASS" signature="tearDown()[pri:0, instance:PracticeSelenium.Vtiger_Lead_Test@4b9e13df]" name="tearDown" is-config="true" duration-ms="622" started-at="2020-12-19T20:13:31Z" finished-at="2020-12-19T20:13:32Z">
          <reporter-output>
          </reporter-output>
        </test-method> <!-- tearDown -->
        <test-method status="PASS" signature="setUp()[pri:0, instance:PracticeSelenium.Vtiger_Lead_Test@4b9e13df]" name="setUp" is-config="true" duration-ms="6029" started-at="2020-12-19T20:13:32Z" finished-at="2020-12-19T20:13:38Z">
          <reporter-output>
          </reporter-output>
        </test-method> <!-- setUp -->
        <test-method status="PASS" signature="leads_Vtiger(java.lang.String, java.lang.String, java.lang.String, java.lang.String, java.lang.String, java.lang.String, java.lang.String, java.lang.String, java.lang.String)[pri:0, instance:PracticeSelenium.Vtiger_Lead_Test@4b9e13df]" name="leads_Vtiger" duration-ms="5960" started-at="2020-12-19T20:13:38Z" data-provider="getTestData" finished-at="2020-12-19T20:13:44Z">
          <params>
            <param index="0">
              <value>
                <![CDATA[Nitin]]>
              </value>
            </param>
            <param index="1">
              <value>
                <![CDATA[Chaurasia]]>
              </value>
            </param>
            <param index="2">
              <value>
                <![CDATA[Srl]]>
              </value>
            </param>
            <param index="3">
              <value>
                <![CDATA[9.140268039E9]]>
              </value>
            </param>
            <param index="4">
              <value>
                <![CDATA[hgs@gmail.com]]>
              </value>
            </param>
            <param index="5">
              <value>
                <![CDATA[16.0]]>
              </value>
            </param>
            <param index="6">
              <value>
                <![CDATA[Azamgarh]]>
              </value>
            </param>
            <param index="7">
              <value>
                <![CDATA[Partner]]>
              </value>
            </param>
            <param index="8">
              <value>
                <![CDATA[Education]]>
              </value>
            </param>
          </params>
          <reporter-output>
          </reporter-output>
        </test-method> <!-- leads_Vtiger -->
        <test-method status="PASS" signature="tearDown()[pri:0, instance:PracticeSelenium.Vtiger_Lead_Test@4b9e13df]" name="tearDown" is-config="true" duration-ms="617" started-at="2020-12-19T20:13:44Z" finished-at="2020-12-19T20:13:45Z">
          <reporter-output>
          </reporter-output>
        </test-method> <!-- tearDown -->
      </class> <!-- PracticeSelenium.Vtiger_Lead_Test -->
    </test> <!-- Default test -->
  </suite> <!-- Default suite -->
</testng-results>
